<?xml version="1.0" encoding="UTF-8"?>
<testsuite name="Matrix" tests="4" skipped="0" failures="0" errors="0" timestamp="2023-11-26T14:09:06" hostname="DESKTOP-H3JCPKT" time="0.487">
  <properties/>
  <testcase name="Determinant" classname="Matrix" time="0.467"/>
  <testcase name="Transpose" classname="Matrix" time="0.008"/>
  <testcase name="Inverse" classname="Matrix" time="0.005"/>
  <testcase name="Cofactor" classname="Matrix" time="0.007"/>
  <system-out><![CDATA[]]></system-out>
  <system-err><![CDATA[]]></system-err>
</testsuite>
